                                      1 ;--------------------------------------------------------
                                      2 ; File Created by SDCC : free open source ANSI-C Compiler
                                      3 ; Version 4.0.3 #11868 (Mac OS X x86_64)
                                      4 ;--------------------------------------------------------
                                      5 	.module main
                                      6 	.optsdcc -mgbz80
                                      7 	
                                      8 ;--------------------------------------------------------
                                      9 ; Public variables in this module
                                     10 ;--------------------------------------------------------
                                     11 	.globl _main
                                     12 	.globl _set_bkg_tiles
                                     13 	.globl _set_bkg_data
                                     14 	.globl _delay
                                     15 	.globl _backgroundmap
                                     16 	.globl _backgroundtiles
                                     17 ;--------------------------------------------------------
                                     18 ; special function registers
                                     19 ;--------------------------------------------------------
                                     20 ;--------------------------------------------------------
                                     21 ; ram data
                                     22 ;--------------------------------------------------------
                                     23 	.area _DATA
      000000                         24 _backgroundtiles::
      000000                         25 	.ds 128
      000080                         26 _backgroundmap::
      000080                         27 	.ds 720
                                     28 ;--------------------------------------------------------
                                     29 ; absolute external ram data
                                     30 ;--------------------------------------------------------
                                     31 	.area _DABS (ABS)
                                     32 ;--------------------------------------------------------
                                     33 ; global & static initialisations
                                     34 ;--------------------------------------------------------
                                     35 	.area _HOME
                                     36 	.area _GSINIT
                                     37 	.area _GSFINAL
                                     38 	.area _GSINIT
                                     39 ;simplebackground.c:26: unsigned char backgroundtiles[] =
      000000 01r00r00                40 	ld	bc, #_backgroundtiles+0
      000003 59                      41 	ld	e, c
      000004 50                      42 	ld	d, b
      000005 CDr00r00                43 	call	__initrleblock
      000008 F0 00                   44 	.db	#-16, #0x00
      00000A 02                      45 	.db	#2
      00000B FF FF                   46 	.db	#0xFF, #0xFF
      00000D FA 01                   47 	.db	#-6, #0x01
      00000F 02                      48 	.db	#2
      000010 FF FF                   49 	.db	#0xFF, #0xFF
      000012 FA 10                   50 	.db	#-6, #0x10
      000014 02                      51 	.db	#2
      000015 FF FF                   52 	.db	#0xFF, #0xFF
      000017 FA 01                   53 	.db	#-6, #0x01
      000019 02                      54 	.db	#2
      00001A FF FF                   55 	.db	#0xFF, #0xFF
      00001C FA 11                   56 	.db	#-6, #0x11
      00001E 02                      57 	.db	#2
      00001F FF FF                   58 	.db	#0xFF, #0xFF
      000021 FA 80                   59 	.db	#-6, #0x80
      000023 02                      60 	.db	#2
      000024 FF FF                   61 	.db	#0xFF, #0xFF
      000026 FA 88                   62 	.db	#-6, #0x88
      000028 0F                      63 	.db	#15
      000029 55 00 AA 00 55 00 AA    64 	.db	#0x55, #0x00, #0xAA, #0x00, #0x55, #0x00, #0xAA, #0x00
             00
      000031 55 00 AA 00 55 00 AA    65 	.db	#0x55, #0x00, #0xAA, #0x00, #0x55, #0x00, #0xAA
      000038 F7 00                   66 	.db	#-9, #0x00
      00003A 07                      67 	.db	#7
      00003B FF FF FF AA FF 00 55    68 	.db	#0xFF, #0xFF, #0xFF, #0xAA, #0xFF, #0x00, #0x55
      000042 F5 00                   69 	.db	#-11, #0x00
      000044 05                      70 	.db	#5
      000045 FF FF 00 FF FF          71 	.db	#0xFF, #0xFF, #0x00, #0xFF, #0xFF
      00004A F5 00                   72 	.db	#-11, #0x00
      00004C 06                      73 	.db	#6
      00004D FF 00 FF 00 FF 00       74 	.db	#0xFF, #0x00, #0xFF, #0x00, #0xFF, #0x00
      000053 00                      75 	.db	#0
                                     76 ;simplebackgroundmap.c:25: unsigned char backgroundmap[] =
      000054 01r80r00                77 	ld	bc, #_backgroundmap+0
      000057 59                      78 	ld	e, c
      000058 50                      79 	ld	d, b
      000059 CDr00r00                80 	call	__initrleblock
      00005C 81 00                   81 	.db	#-127, #0x00
      00005E 81 00                   82 	.db	#-127, #0x00
      000060 DD 00                   83 	.db	#-35, #0x00
      000062 01                      84 	.db	#1
      000063 03                      85 	.db	#0x03
      000064 F5 01                   86 	.db	#-11, #0x01
      000066 01                      87 	.db	#1
      000067 02                      88 	.db	#0x02
      000068 E5 00                   89 	.db	#-27, #0x00
      00006A 01                      90 	.db	#1
      00006B 03                      91 	.db	#0x03
      00006C F5 01                   92 	.db	#-11, #0x01
      00006E 01                      93 	.db	#1
      00006F 02                      94 	.db	#0x02
      000070 E5 00                   95 	.db	#-27, #0x00
      000072 01                      96 	.db	#1
      000073 03                      97 	.db	#0x03
      000074 F5 01                   98 	.db	#-11, #0x01
      000076 01                      99 	.db	#1
      000077 02                     100 	.db	#0x02
      000078 E5 00                  101 	.db	#-27, #0x00
      00007A 01                     102 	.db	#1
      00007B 03                     103 	.db	#0x03
      00007C F5 01                  104 	.db	#-11, #0x01
      00007E 01                     105 	.db	#1
      00007F 02                     106 	.db	#0x02
      000080 EE 00                  107 	.db	#-18, #0x00
      000082 F7 06                  108 	.db	#-9, #0x06
      000084 01                     109 	.db	#1
      000085 03                     110 	.db	#0x03
      000086 F5 01                  111 	.db	#-11, #0x01
      000088 01                     112 	.db	#1
      000089 02                     113 	.db	#0x02
      00008A EF 06                  114 	.db	#-17, #0x06
      00008C 01                     115 	.db	#1
      00008D 00                     116 	.db	#0x00
      00008E D9 04                  117 	.db	#-39, #0x04
      000090 01                     118 	.db	#1
      000091 00                     119 	.db	#0x00
      000092 D9 04                  120 	.db	#-39, #0x04
      000094 01                     121 	.db	#1
      000095 00                     122 	.db	#0x00
      000096 D9 04                  123 	.db	#-39, #0x04
      000098 01                     124 	.db	#1
      000099 00                     125 	.db	#0x00
      00009A D9 04                  126 	.db	#-39, #0x04
      00009C 01                     127 	.db	#1
      00009D 00                     128 	.db	#0x00
      00009E D9 04                  129 	.db	#-39, #0x04
      0000A0 01                     130 	.db	#1
      0000A1 00                     131 	.db	#0x00
      0000A2 D9 04                  132 	.db	#-39, #0x04
      0000A4 01                     133 	.db	#1
      0000A5 00                     134 	.db	#0x00
      0000A6 00                     135 	.db	#0
                                    136 ;--------------------------------------------------------
                                    137 ; Home
                                    138 ;--------------------------------------------------------
                                    139 	.area _HOME
                                    140 	.area _HOME
                                    141 ;--------------------------------------------------------
                                    142 ; code
                                    143 ;--------------------------------------------------------
                                    144 	.area _CODE
                                    145 ;main.c:5: void main(){
                                    146 ;	---------------------------------
                                    147 ; Function main
                                    148 ; ---------------------------------
      000000                        149 _main::
                                    150 ;main.c:6: set_bkg_data(0, 7, backgroundtiles);
      000000 21r00r00               151 	ld	hl, #_backgroundtiles
      000003 E5                     152 	push	hl
      000004 3E 07                  153 	ld	a, #0x07
      000006 F5                     154 	push	af
      000007 33                     155 	inc	sp
      000008 AF                     156 	xor	a, a
      000009 F5                     157 	push	af
      00000A 33                     158 	inc	sp
      00000B CDr00r00               159 	call	_set_bkg_data
      00000E E8 04                  160 	add	sp, #4
                                    161 ;main.c:7: set_bkg_tiles(0, 0, 40, 18, backgroundmap);
      000010 21r80r00               162 	ld	hl, #_backgroundmap
      000013 E5                     163 	push	hl
      000014 11 28 12               164 	ld	de, #0x1228
      000017 D5                     165 	push	de
      000018 AF                     166 	xor	a, a
      000019 F5                     167 	push	af
      00001A 33                     168 	inc	sp
      00001B AF                     169 	xor	a, a
      00001C F5                     170 	push	af
      00001D 33                     171 	inc	sp
      00001E CDr00r00               172 	call	_set_bkg_tiles
      000021 E8 06                  173 	add	sp, #6
                                    174 ;main.c:9: SHOW_BKG;
      000023 F0r00                  175 	ldh	a, (_LCDC_REG+0)
      000025 F6 01                  176 	or	a, #0x01
      000027 E0r00                  177 	ldh	(_LCDC_REG+0),a
                                    178 ;main.c:10: DISPLAY_ON;
      000029 F0r00                  179 	ldh	a, (_LCDC_REG+0)
      00002B F6 80                  180 	or	a, #0x80
      00002D E0r00                  181 	ldh	(_LCDC_REG+0),a
                                    182 ;main.c:12: while(1){
      00002F                        183 00102$:
                                    184 ;/Users/max/Documents/gb_dev/gbdk/include/gb/gb.h:498: SCX_REG+=x, SCY_REG+=y;
      00002F F0r00                  185 	ldh	a, (_SCX_REG+0)
      000031 3C                     186 	inc	a
      000032 E0r00                  187 	ldh	(_SCX_REG+0),a
                                    188 ;main.c:14: delay(100);
      000034 21 64 00               189 	ld	hl, #0x0064
      000037 E5                     190 	push	hl
      000038 CDr00r00               191 	call	_delay
      00003B E8 02                  192 	add	sp, #2
                                    193 ;main.c:16: }
      00003D 18 F0                  194 	jr	00102$
                                    195 	.area _CODE
                                    196 	.area _CABS (ABS)
